<?xml version="1.0" encoding="UTF-8"?>
<!-- Generated by org.testng.reporters.JUnitReportReporter -->
<testsuite hostname="LAP-0110" failures="0" tests="2" name="MFAPageTestCases.MfaLogin" time="19.176" errors="0" timestamp="2023-05-21T21:44:20 IST" skipped="0">
  <testcase classname="MFAPageTestCases.MfaLogin" name="verify_valid_mfa_login" time="8.917"/>
  <system-out/>
  <testcase classname="MFAPageTestCases.MfaLogin" name="verify_invalid_mfa_login" time="10.259"/>
  <system-out/>
</testsuite> <!-- MFAPageTestCases.MfaLogin -->
