<?xml version="1.0" encoding="UTF-8"?>
<!-- Generated by org.testng.reporters.JUnitReportReporter -->
<testsuite hostname="LAP-0110" failures="0" tests="1" name="ForgotPasswordPageTestCases.ForgotPasswordLinkSendTestCase" time="14.087" errors="0" timestamp="2023-05-21T20:54:13 IST" skipped="0">
  <testcase classname="ForgotPasswordPageTestCases.ForgotPasswordLinkSendTestCase" name="verify_forgot_password_link" time="14.087"/>
  <system-out/>
</testsuite> <!-- ForgotPasswordPageTestCases.ForgotPasswordLinkSendTestCase -->
