<?xml version="1.0" encoding="UTF-8"?>
<!-- Generated by org.testng.reporters.JUnitReportReporter -->
<testsuite hostname="LAP-0110" failures="0" tests="3" name="LoginPageTestCases.ImageAndTextDisplay" time="18.999" errors="0" timestamp="2023-05-21T21:44:20 IST" skipped="0">
  <testcase classname="LoginPageTestCases.ImageAndTextDisplay" name="verify_page_title" time="5.921"/>
  <system-out/>
  <testcase classname="LoginPageTestCases.ImageAndTextDisplay" name="verify_TruAge_Logo" time="6.635"/>
  <system-out/>
  <testcase classname="LoginPageTestCases.ImageAndTextDisplay" name="verify_forgot_password_link" time="6.443"/>
  <system-out/>
</testsuite> <!-- LoginPageTestCases.ImageAndTextDisplay -->
