<?xml version="1.0" encoding="UTF-8"?>
<!-- Generated by org.testng.reporters.JUnitReportReporter -->
<testsuite hostname="LAP-0110" failures="0" tests="4" name="LoginPageTestCases.Login" time="26.212" errors="0" timestamp="2023-05-15T16:35:13 IST" skipped="0">
  <testcase classname="LoginPageTestCases.Login" name="verify_valid_login" time="4.174"/>
  <system-out/>
  <testcase classname="LoginPageTestCases.Login" name="verify_invalid_login" time="8.046"/>
  <system-out/>
  <testcase classname="LoginPageTestCases.Login" name="verify_empty_login" time="5.884"/>
  <system-out/>
  <testcase classname="LoginPageTestCases.Login" name="verify_magic_link_login" time="8.108"/>
  <system-out/>
</testsuite> <!-- LoginPageTestCases.Login -->
