<?xml version="1.0" encoding="UTF-8"?>
<!-- Generated by org.testng.reporters.JUnitReportReporter -->
<testsuite hostname="LAP-0110" failures="0" tests="1" name="MFAPageTestCases.BackToLogin" time="9.036" errors="0" timestamp="2023-05-21T21:44:20 IST" skipped="0">
  <testcase classname="MFAPageTestCases.BackToLogin" name="varify_back_to_login_link" time="9.036"/>
  <system-out/>
</testsuite> <!-- MFAPageTestCases.BackToLogin -->
