<?xml version="1.0" encoding="UTF-8"?>
<!-- Generated by org.testng.reporters.JUnitReportReporter -->
<testsuite hostname="LAP-0110" failures="0" tests="1" name="ForgotPasswordPageTestCases.ForgotPasswordLinkSendTestCase" time="10.393" errors="0" timestamp="2023-05-15T18:41:51 IST" skipped="0">
  <testcase classname="ForgotPasswordPageTestCases.ForgotPasswordLinkSendTestCase" name="verify_forgot_password_link" time="10.393"/>
  <system-out/>
</testsuite> <!-- ForgotPasswordPageTestCases.ForgotPasswordLinkSendTestCase -->
