<?xml version="1.0" encoding="UTF-8"?>
<!-- Generated by org.testng.reporters.JUnitReportReporter -->
<testsuite hostname="LAP-0110" failures="0" tests="3" name="LoginPageTestCases.ImageAndTextDisplay" time="25.183" errors="0" timestamp="2023-05-21T21:31:22 IST" skipped="0">
  <testcase classname="LoginPageTestCases.ImageAndTextDisplay" name="verify_page_title" time="8.070"/>
  <system-out/>
  <testcase classname="LoginPageTestCases.ImageAndTextDisplay" name="verify_TruAge_Logo" time="6.922"/>
  <system-out/>
  <testcase classname="LoginPageTestCases.ImageAndTextDisplay" name="verify_forgot_password_link" time="10.191"/>
  <system-out/>
</testsuite> <!-- LoginPageTestCases.ImageAndTextDisplay -->
