<?xml version="1.0" encoding="UTF-8"?>
<!-- Generated by org.testng.reporters.JUnitReportReporter -->
<testsuite hostname="LAP-0110" failures="0" tests="4" name="LoginPageTestCases.Login" time="35.613" errors="0" timestamp="2023-05-21T20:54:13 IST" skipped="0">
  <testcase classname="LoginPageTestCases.Login" name="verify_valid_login" time="9.208"/>
  <system-out/>
  <testcase classname="LoginPageTestCases.Login" name="verify_invalid_login" time="10.320"/>
  <system-out/>
  <testcase classname="LoginPageTestCases.Login" name="verify_empty_login" time="5.770"/>
  <system-out/>
  <testcase classname="LoginPageTestCases.Login" name="verify_magic_link_login" time="10.315"/>
  <system-out/>
</testsuite> <!-- LoginPageTestCases.Login -->
