<?xml version="1.0" encoding="UTF-8"?>
<!-- Generated by org.testng.reporters.JUnitReportReporter -->
<testsuite hostname="LAP-0110" failures="0" tests="4" name="LoginPageTestCases.Login" time="37.691" errors="0" timestamp="2023-05-21T21:09:21 IST" skipped="0">
  <testcase classname="LoginPageTestCases.Login" name="verify_valid_login" time="7.407"/>
  <system-out/>
  <testcase classname="LoginPageTestCases.Login" name="verify_invalid_login" time="11.789"/>
  <system-out/>
  <testcase classname="LoginPageTestCases.Login" name="verify_empty_login" time="7.842"/>
  <system-out/>
  <testcase classname="LoginPageTestCases.Login" name="verify_magic_link_login" time="10.653"/>
  <system-out/>
</testsuite> <!-- LoginPageTestCases.Login -->
