<?xml version="1.0" encoding="UTF-8"?>
<!-- Generated by org.testng.reporters.JUnitReportReporter -->
<testsuite hostname="LAP-0110" failures="0" tests="1" name="ForgotPasswordPageTestCases.ImageAndFieldDisplay" time="10.481" errors="0" timestamp="2023-05-21T20:54:13 IST" skipped="0">
  <testcase classname="ForgotPasswordPageTestCases.ImageAndFieldDisplay" name="verify_mfa_logo" time="10.481"/>
  <system-out/>
</testsuite> <!-- ForgotPasswordPageTestCases.ImageAndFieldDisplay -->
