<?xml version="1.0" encoding="UTF-8"?>
<!-- Generated by org.testng.reporters.JUnitReportReporter -->
<testsuite hostname="LAP-0110" failures="0" tests="1" name="LoginPageTestCases.ForgotPasswordLink" time="9.442" errors="0" timestamp="2023-05-15T17:11:38 IST" skipped="0">
  <testcase classname="LoginPageTestCases.ForgotPasswordLink" name="verify_forgot_password_link" time="9.442"/>
  <system-out/>
</testsuite> <!-- LoginPageTestCases.ForgotPasswordLink -->
