<?xml version="1.0" encoding="UTF-8"?>
<!-- Generated by org.testng.reporters.JUnitReportReporter -->
<testsuite hostname="LAP-0110" failures="0" tests="4" name="LoginPageTestCases.Login" time="36.188" errors="0" timestamp="2023-05-21T21:31:22 IST" skipped="0">
  <testcase classname="LoginPageTestCases.Login" name="verify_valid_login" time="6.945"/>
  <system-out/>
  <testcase classname="LoginPageTestCases.Login" name="verify_invalid_login" time="11.163"/>
  <system-out/>
  <testcase classname="LoginPageTestCases.Login" name="verify_empty_login" time="6.646"/>
  <system-out/>
  <testcase classname="LoginPageTestCases.Login" name="verify_magic_link_login" time="11.434"/>
  <system-out/>
</testsuite> <!-- LoginPageTestCases.Login -->
