<?xml version="1.0" encoding="UTF-8"?>
<!-- Generated by org.testng.reporters.JUnitReportReporter -->
<testsuite hostname="LAP-0110" failures="0" tests="1" name="MFAPageTestCases.MfaLogin" time="11.531" errors="0" timestamp="2023-05-17T12:52:52 IST" skipped="0">
  <testcase classname="MFAPageTestCases.MfaLogin" name="verify_valid_mfa_login" time="11.531"/>
  <system-out/>
</testsuite> <!-- MFAPageTestCases.MfaLogin -->
